<?xml version="1.0" encoding="UTF-8"?>
<testng-results ignored="0" total="1" passed="1" failed="0" skipped="0">
  <reporter-output>
  </reporter-output>
  <suite started-at="2024-08-03T18:44:21 IST" name="Default suite" finished-at="2024-08-03T18:44:34 IST" duration-ms="12292">
    <groups>
    </groups>
    <test started-at="2024-08-03T18:44:21 IST" name="Default test" finished-at="2024-08-03T18:44:34 IST" duration-ms="12292">
      <class name="testCases.TC001_AccountRegistrationTest">
        <test-method is-config="true" signature="setup()[pri:0, instance:testCases.TC001_AccountRegistrationTest@73eb439a]" started-at="2024-08-03T18:44:21 IST" name="setup" finished-at="2024-08-03T18:44:30 IST" duration-ms="9125" status="PASS">
          <reporter-output>
          </reporter-output>
        </test-method> <!-- setup -->
        <test-method signature="verify_registration()[pri:0, instance:testCases.TC001_AccountRegistrationTest@73eb439a]" started-at="2024-08-03T18:44:31 IST" name="verify_registration" finished-at="2024-08-03T18:44:33 IST" duration-ms="2797" status="PASS">
          <reporter-output>
          </reporter-output>
        </test-method> <!-- verify_registration -->
        <test-method is-config="true" signature="tearDown()[pri:0, instance:testCases.TC001_AccountRegistrationTest@73eb439a]" started-at="2024-08-03T18:44:33 IST" name="tearDown" finished-at="2024-08-03T18:44:34 IST" duration-ms="256" status="PASS">
          <reporter-output>
          </reporter-output>
        </test-method> <!-- tearDown -->
      </class> <!-- testCases.TC001_AccountRegistrationTest -->
    </test> <!-- Default test -->
  </suite> <!-- Default suite -->
</testng-results>
